[2025-06-11 15:35:54] SECURITY: SISTEMA_INICIADO - Sistema XuBank iniciado
[2025-06-11 15:35:54] SECURITY: APLICACAO_INICIADA - Aplica巫o principal iniciada
[2025-06-11 15:51:46] SECURITY: SISTEMA_INICIADO - Sistema XuBank iniciado
[2025-06-11 15:51:46] SECURITY: APLICACAO_INICIADA - Aplica巫o principal iniciada
[2025-06-11 16:56:58] SECURITY: SISTEMA_INICIADO - Sistema XuBank iniciado
[2025-06-11 16:56:58] SECURITY: APLICACAO_INICIADA - Aplica칞칚o principal iniciada
[2025-06-11 16:57:04] SECURITY: APLICACAO_ENCERRADA - Aplica칞칚o encerrada
[2025-06-11 17:03:33] SECURITY: CLIENTE_CRIADO - Cliente criado: ***909
[2025-06-11 17:04:26] SECURITY: CLIENTE_CRIADO - Cliente criado: ***909
[2025-06-11 17:04:26] SECURITY: CONTA_CRIADA - Conta criada para cliente: ***909
[2025-06-11 17:04:26] SECURITY: CLIENTE_CRIADO - Cliente criado: ***909
[2025-06-11 17:04:26] SECURITY: CONTA_CRIADA - Conta criada para cliente: ***909
[2025-06-11 17:04:26] SECURITY: DEPOSITO_REALIZADO - Dep칩sito realizado em conta corrente - Conta: 955577 Valor: 1000,00
[2025-06-11 17:04:26] SECURITY: SAQUE_REALIZADO - Saque realizado em conta corrente - Conta: 955577 Valor: 2500,00
[2025-06-11 17:04:26] SECURITY: CLIENTE_CRIADO - Cliente criado: ***909
[2025-06-11 17:04:26] SECURITY: CONTA_CRIADA - Conta criada para cliente: ***909
[2025-06-11 17:04:26] SECURITY: RENDA_ATUALIZADA - Renda atualizada para cliente: ***909
[2025-06-11 17:04:26] SECURITY: LIMITE_ATUALIZADO - Limite atualizado - Conta: 357998 Novo limite: 4000,00
[2025-06-11 17:04:44] SECURITY: CLIENTE_CRIADO - Cliente criado: ***909
[2025-06-11 17:05:35] SECURITY: CLIENTE_CRIADO - Cliente criado: ***909
[2025-06-11 17:05:35] SECURITY: CONTA_CRIADA - Conta criada para cliente: ***909
[2025-06-11 17:05:35] SECURITY: CLIENTE_CRIADO - Cliente criado: ***909
[2025-06-11 17:05:35] SECURITY: CONTA_CRIADA - Conta criada para cliente: ***909
[2025-06-11 17:05:35] SECURITY: DEPOSITO_REALIZADO - Dep칩sito realizado em conta corrente - Conta: 790113 Valor: 1000,00
[2025-06-11 17:05:35] SECURITY: SAQUE_REALIZADO - Saque realizado em conta corrente - Conta: 790113 Valor: 2500,00
[2025-06-11 17:05:35] SECURITY: CLIENTE_CRIADO - Cliente criado: ***909
[2025-06-11 17:05:35] SECURITY: CONTA_CRIADA - Conta criada para cliente: ***909
[2025-06-11 17:05:35] SECURITY: RENDA_ATUALIZADA - Renda atualizada para cliente: ***909
[2025-06-11 17:05:35] SECURITY: LIMITE_ATUALIZADO - Limite atualizado - Conta: 487848 Novo limite: 4000,00
[2025-06-11 17:06:45] SECURITY: CLIENTE_CRIADO - Cliente criado: ***909
[2025-06-11 17:06:45] SECURITY: CONTA_CRIADA - Conta criada para cliente: ***909
[2025-06-11 17:06:45] SECURITY: CLIENTE_CRIADO - Cliente criado: ***909
[2025-06-11 17:06:45] SECURITY: CONTA_CRIADA - Conta criada para cliente: ***909
[2025-06-11 17:06:45] SECURITY: DEPOSITO_REALIZADO - Dep칩sito realizado em conta corrente - Conta: 691352 Valor: 1000,00
[2025-06-11 17:06:45] SECURITY: SAQUE_REALIZADO - Saque realizado em conta corrente - Conta: 691352 Valor: 2500,00
[2025-06-11 17:06:45] SECURITY: CLIENTE_CRIADO - Cliente criado: ***909
[2025-06-11 17:06:45] SECURITY: CONTA_CRIADA - Conta criada para cliente: ***909
[2025-06-11 17:06:45] SECURITY: RENDA_ATUALIZADA - Renda atualizada para cliente: ***909
[2025-06-11 17:06:45] SECURITY: LIMITE_ATUALIZADO - Limite atualizado - Conta: 436533 Novo limite: 4000,00
[2025-06-11 17:06:57] SECURITY: CLIENTE_CRIADO - Cliente criado: ***909
[2025-06-11 17:06:57] SECURITY: CONTA_CRIADA - Conta criada para cliente: ***909
[2025-06-11 17:06:57] SECURITY: DEPOSITO_REALIZADO - Dep칩sito realizado em conta corrente - Conta: 610789 Valor: 1000,00
[2025-06-11 17:06:57] SECURITY: SAQUE_REALIZADO - Saque realizado em conta corrente - Conta: 610789 Valor: 500,00
[2025-06-11 17:06:57] SECURITY: CLIENTE_CRIADO - Cliente criado: ***909
[2025-06-11 17:06:57] SECURITY: CONTA_CRIADA - Conta criada para cliente: ***909
[2025-06-11 17:06:57] SECURITY: SAQUE_INVALIDO - Tentativa de saque com valor inv치lido: -100.0
[2025-06-11 17:06:57] SECURITY: CLIENTE_CRIADO - Cliente criado: ***909
[2025-06-11 17:06:57] SECURITY: CONTA_CRIADA - Conta criada para cliente: ***909
[2025-06-11 17:06:57] SECURITY: DEPOSITO_REALIZADO - Dep칩sito realizado em conta corrente - Conta: 907326 Valor: 1000,00
[2025-06-11 17:09:53] SECURITY: CLIENTE_CRIADO - Cliente criado: ***909
[2025-06-11 17:09:53] SECURITY: CONTA_CRIADA - Conta criada para cliente: ***909
[2025-06-11 17:09:53] SECURITY: DEPOSITO_REALIZADO - Dep칩sito realizado em conta corrente - Conta: 422582 Valor: 1000,00
[2025-06-11 17:09:53] SECURITY: SAQUE_REALIZADO - Saque realizado em conta corrente - Conta: 422582 Valor: 500,00
[2025-06-11 17:09:53] SECURITY: CLIENTE_CRIADO - Cliente criado: ***909
[2025-06-11 17:09:53] SECURITY: CONTA_CRIADA - Conta criada para cliente: ***909
[2025-06-11 17:09:53] SECURITY: SAQUE_INVALIDO - Tentativa de saque com valor inv치lido: -100.0
[2025-06-11 17:09:53] SECURITY: CLIENTE_CRIADO - Cliente criado: ***909
[2025-06-11 17:09:53] SECURITY: CONTA_CRIADA - Conta criada para cliente: ***909
[2025-06-11 17:09:53] SECURITY: DEPOSITO_REALIZADO - Dep칩sito realizado em conta corrente - Conta: 434352 Valor: 1000,00
[2025-06-11 18:05:41] SECURITY: CLIENTE_CRIADO - Cliente criado: ***909
[2025-06-11 18:05:41] SECURITY: CONTA_CRIADA - Conta criada para cliente: ***909
[2025-06-11 18:05:41] SECURITY: DEPOSITO_REALIZADO - Dep칩sito realizado em conta corrente - Conta: 841509 Valor: 1000,00
[2025-06-11 18:05:41] SECURITY: SAQUE_REALIZADO - Saque realizado em conta corrente - Conta: 841509 Valor: 500,00
[2025-06-11 18:05:41] SECURITY: CLIENTE_CRIADO - Cliente criado: ***909
[2025-06-11 18:05:41] SECURITY: CONTA_CRIADA - Conta criada para cliente: ***909
[2025-06-11 18:05:41] SECURITY: SAQUE_INVALIDO - Tentativa de saque com valor inv치lido: -100.0
[2025-06-11 18:05:41] SECURITY: CLIENTE_CRIADO - Cliente criado: ***909
[2025-06-11 18:05:41] SECURITY: CONTA_CRIADA - Conta criada para cliente: ***909
[2025-06-11 18:05:41] SECURITY: DEPOSITO_REALIZADO - Dep칩sito realizado em conta corrente - Conta: 876843 Valor: 1000,00
[2025-06-11 18:06:30] SECURITY: SISTEMA_INICIADO - Sistema XuBank iniciado
[2025-06-11 18:06:30] SECURITY: APLICACAO_INICIADA - Aplica칞칚o principal iniciada
[2025-06-11 18:06:53] SECURITY: CLIENTE_CRIADO - Cliente criado: ***647
[2025-06-11 18:06:53] SECURITY: CLIENTE_CADASTRADO - Cliente cadastrado: ***647
[2025-06-11 18:07:10] SECURITY: LOGIN_SUCESSO - Login realizado: ***647
[2025-06-11 18:07:53] SECURITY: LOGIN_SUCESSO - Login realizado: ***647
[2025-06-11 18:08:10] SECURITY: LOGIN_SUCESSO - Login realizado: ***647
[2025-06-11 18:08:13] SECURITY: CONTA_CRIADA - Conta criada para cliente: ***647
[2025-06-11 18:08:13] SECURITY: CONTA_ADICIONADA - Conta adicionada - Cliente: ***647 Tipo: ContaCorrente
[2025-06-11 18:08:34] SECURITY: LOGIN_SUCESSO - Login realizado: ***647
[2025-06-11 18:08:54] SECURITY: LOGIN_SUCESSO - Login realizado: ***647
[2025-06-11 18:09:17] SECURITY: LOGIN_SUCESSO - Login realizado: ***647
[2025-06-11 18:09:22] SECURITY: DEPOSITO_REALIZADO - Dep칩sito realizado em conta corrente - Conta: 804228 Valor: 1500,00
[2025-06-11 18:09:34] SECURITY: LOGIN_SUCESSO - Login realizado: ***647
[2025-06-11 18:09:40] SECURITY: SAQUE_REALIZADO - Saque realizado em conta corrente - Conta: 804228 Valor: 1700,00
[2025-06-11 18:09:46] ERROR: SALDO_INVALIDO_RELATORIO - Saldo inv치lido encontrado na conta: 804228
[2025-06-11 18:09:46] SECURITY: RELATORIO_CUSTODIA - Relat칩rio de cust칩dia gerado
[2025-06-11 18:10:01] ERROR: ERRO_RELATORIO_EXTREMOS - Erro ao gerar relat칩rio de extremos
Stack trace: Saldo inv치lido encontrado na conta: 804228
[2025-06-11 18:10:44] ERROR: SALDO_INVALIDO_RELATORIO - Saldo inv치lido encontrado na conta: 804228
[2025-06-11 18:10:44] SECURITY: RELATORIO_CUSTODIA - Relat칩rio de cust칩dia gerado
[2025-06-11 18:11:00] SECURITY: LOGIN_FALHOU - Tentativa de login com senha incorreta: ***647
[2025-06-11 18:11:14] SECURITY: LOGIN_SUCESSO - Login realizado: ***647
[2025-06-11 18:11:19] SECURITY: TAXA_APLICADA - Taxa de 16,00 aplicada - Conta: 804228
[2025-06-11 18:11:19] SECURITY: DEPOSITO_REALIZADO - Dep칩sito realizado em conta corrente - Conta: 804228 Valor: 1000,00
[2025-06-11 18:11:31] SECURITY: RELATORIO_EXTREMOS - Relat칩rio de clientes extremos gerado
[2025-06-11 18:12:04] ERROR: ERRO_CADASTRO - Erro ao cadastrar cliente: CPF inv치lido
Stack trace: CPF inv치lido
[2025-06-11 18:13:17] ERROR: ERRO_CADASTRO - Erro ao cadastrar cliente: CPF inv치lido
Stack trace: CPF inv치lido
[2025-06-11 18:14:01] SECURITY: CLIENTE_CRIADO - Cliente criado: ***687
[2025-06-11 18:14:01] SECURITY: CLIENTE_CADASTRADO - Cliente cadastrado: ***687
[2025-06-11 18:14:16] SECURITY: LOGIN_SUCESSO - Login realizado: ***687
[2025-06-11 18:14:18] SECURITY: CONTA_CRIADA - Conta criada para cliente: ***687
[2025-06-11 18:14:18] SECURITY: CONTA_ADICIONADA - Conta adicionada - Cliente: ***687 Tipo: ContaCorrente
[2025-06-11 18:14:30] SECURITY: LOGIN_SUCESSO - Login realizado: ***687
[2025-06-11 18:14:52] SECURITY: LOGIN_SUCESSO - Login realizado: ***687
[2025-06-11 18:15:08] SECURITY: LOGIN_SUCESSO - Login realizado: ***687
[2025-06-11 18:15:12] SECURITY: SAQUE_REALIZADO - Saque realizado em conta corrente - Conta: 487253 Valor: 200,00
[2025-06-11 18:15:15] ERROR: ERRO_RELATORIO_EXTREMOS - Erro ao gerar relat칩rio de extremos
Stack trace: Saldo inv치lido encontrado na conta: 487253
[2025-06-11 18:15:25] ERROR: SALDO_INVALIDO_RELATORIO - Saldo inv치lido encontrado na conta: 487253
[2025-06-11 18:15:25] SECURITY: RELATORIO_CUSTODIA - Relat칩rio de cust칩dia gerado
[2025-06-11 18:15:42] ERROR: ERRO_RELATORIO_EXTREMOS - Erro ao gerar relat칩rio de extremos
Stack trace: Saldo inv치lido encontrado na conta: 487253
[2025-06-11 18:19:26] SECURITY: SISTEMA_INICIADO - Sistema XuBank iniciado
[2025-06-11 18:19:26] SECURITY: APLICACAO_INICIADA - Aplica칞칚o principal iniciada
[2025-06-11 18:19:48] SECURITY: CLIENTE_CRIADO - Cliente criado: ***647
[2025-06-11 18:19:48] SECURITY: CLIENTE_CADASTRADO - Cliente cadastrado: ***647
[2025-06-11 18:20:08] SECURITY: CLIENTE_CRIADO - Cliente criado: ***687
[2025-06-11 18:20:08] SECURITY: CLIENTE_CADASTRADO - Cliente cadastrado: ***687
[2025-06-11 18:20:21] SECURITY: LOGIN_SUCESSO - Login realizado: ***647
[2025-06-11 18:20:24] SECURITY: CONTA_CRIADA - Conta criada para cliente: ***647
[2025-06-11 18:20:24] SECURITY: CONTA_ADICIONADA - Conta adicionada - Cliente: ***647 Tipo: ContaCorrente
[2025-06-11 18:20:43] SECURITY: LOGIN_SUCESSO - Login realizado: ***647
[2025-06-11 18:20:45] SECURITY: CONTA_CRIADA - Conta criada para cliente: ***647
[2025-06-11 18:20:45] SECURITY: CONTA_ADICIONADA - Conta adicionada - Cliente: ***647 Tipo: ContaPoupanca
[2025-06-11 18:20:59] SECURITY: LOGIN_SUCESSO - Login realizado: ***647
[2025-06-11 18:21:02] SECURITY: CONTA_CRIADA - Conta criada para cliente: ***647
[2025-06-11 18:21:02] SECURITY: CONTA_ADICIONADA - Conta adicionada - Cliente: ***647 Tipo: ContaRendaFixa
[2025-06-11 18:21:16] SECURITY: LOGIN_SUCESSO - Login realizado: ***687
[2025-06-11 18:21:18] SECURITY: CONTA_CRIADA - Conta criada para cliente: ***687
[2025-06-11 18:21:18] SECURITY: CONTA_ADICIONADA - Conta adicionada - Cliente: ***687 Tipo: ContaCorrente
[2025-06-11 18:21:28] SECURITY: LOGIN_SUCESSO - Login realizado: ***687
[2025-06-11 18:21:30] SECURITY: CONTA_CRIADA - Conta criada para cliente: ***687
[2025-06-11 18:21:30] SECURITY: CONTA_ADICIONADA - Conta adicionada - Cliente: ***687 Tipo: ContaPoupanca
[2025-06-11 18:21:52] SECURITY: LOGIN_SUCESSO - Login realizado: ***647
[2025-06-11 18:22:22] SECURITY: LOGIN_SUCESSO - Login realizado: ***687
[2025-06-11 18:22:48] SECURITY: LOGIN_SUCESSO - Login realizado: ***687
[2025-06-11 18:22:59] SECURITY: SAQUE_REALIZADO - Saque realizado em conta corrente - Conta: 280550 Valor: 300,00
[2025-06-11 18:23:13] SECURITY: LOGIN_SUCESSO - Login realizado: ***647
[2025-06-11 18:23:22] SECURITY: DEPOSITO_REALIZADO - Dep칩sito realizado em conta corrente - Conta: 352569 Valor: 3000,00
[2025-06-11 18:23:29] ERROR: ERRO_RELATORIO_EXTREMOS - Erro ao gerar relat칩rio de extremos
Stack trace: Saldo inv치lido encontrado na conta: 280550
[2025-06-11 18:23:37] ERROR: ERRO_RELATORIO_EXTREMOS - Erro ao gerar relat칩rio de extremos
Stack trace: Saldo inv치lido encontrado na conta: 280550
[2025-06-11 18:23:43] ERROR: SALDO_INVALIDO_RELATORIO - Saldo inv치lido encontrado na conta: 280550
[2025-06-11 18:23:43] SECURITY: RELATORIO_CUSTODIA - Relat칩rio de cust칩dia gerado
[2025-06-11 18:23:51] ERROR: ERRO_RELATORIO_EXTREMOS - Erro ao gerar relat칩rio de extremos
Stack trace: Saldo inv치lido encontrado na conta: 280550
[2025-06-11 18:24:20] SECURITY: LOGIN_SUCESSO - Login realizado: ***687
[2025-06-11 18:24:31] SECURITY: TAXA_APLICADA - Taxa de 19,00 aplicada - Conta: 280550
[2025-06-11 18:24:31] SECURITY: DEPOSITO_REALIZADO - Dep칩sito realizado em conta corrente - Conta: 280550 Valor: 2200,00
[2025-06-11 18:24:37] SECURITY: RELATORIO_EXTREMOS - Relat칩rio de clientes extremos gerado
[2025-06-11 18:24:55] SECURITY: LOGIN_SUCESSO - Login realizado: ***687
[2025-06-11 18:25:11] SECURITY: LOGIN_SUCESSO - Login realizado: ***687
[2025-06-11 18:25:20] SECURITY: SAQUE_REALIZADO - Saque realizado em conta corrente - Conta: 280550 Valor: 1900,00
[2025-06-11 18:25:26] ERROR: ERRO_RELATORIO_EXTREMOS - Erro ao gerar relat칩rio de extremos
Stack trace: Saldo inv치lido encontrado na conta: 280550
[2025-06-11 18:30:36] SECURITY: SISTEMA_INICIADO - Sistema XuBank iniciado
[2025-06-11 18:30:36] SECURITY: APLICACAO_INICIADA - Aplica칞칚o principal iniciada
[2025-06-11 18:30:56] SECURITY: CLIENTE_CRIADO - Cliente criado: ***647
[2025-06-11 18:30:56] SECURITY: CLIENTE_CADASTRADO - Cliente cadastrado: ***647
[2025-06-11 18:31:11] SECURITY: CLIENTE_CRIADO - Cliente criado: ***687
[2025-06-11 18:31:11] SECURITY: CLIENTE_CADASTRADO - Cliente cadastrado: ***687
[2025-06-11 18:31:22] SECURITY: LOGIN_SUCESSO - Login realizado: ***647
[2025-06-11 18:31:24] SECURITY: CONTA_CRIADA - Conta criada para cliente: ***647
[2025-06-11 18:31:24] SECURITY: CONTA_ADICIONADA - Conta adicionada - Cliente: ***647 Tipo: ContaCorrente
[2025-06-11 18:31:36] SECURITY: LOGIN_SUCESSO - Login realizado: ***687
[2025-06-11 18:31:38] SECURITY: CONTA_CRIADA - Conta criada para cliente: ***687
[2025-06-11 18:31:38] SECURITY: CONTA_ADICIONADA - Conta adicionada - Cliente: ***687 Tipo: ContaCorrente
[2025-06-11 18:32:08] SECURITY: LOGIN_SUCESSO - Login realizado: ***647
[2025-06-11 18:32:31] SECURITY: LOGIN_SUCESSO - Login realizado: ***687
[2025-06-11 18:33:01] SECURITY: LOGIN_SUCESSO - Login realizado: ***647
[2025-06-11 18:33:08] SECURITY: DEPOSITO_REALIZADO - Dep칩sito realizado em conta corrente - Conta: 428235 Valor: 2000,00
[2025-06-11 18:33:18] SECURITY: LOGIN_SUCESSO - Login realizado: ***687
[2025-06-11 18:33:28] SECURITY: DEPOSITO_REALIZADO - Dep칩sito realizado em conta corrente - Conta: 573789 Valor: 200,00
[2025-06-11 18:33:42] SECURITY: LOGIN_SUCESSO - Login realizado: ***687
[2025-06-11 18:33:47] SECURITY: SAQUE_REALIZADO - Saque realizado em conta corrente - Conta: 573789 Valor: 400,00
[2025-06-11 18:33:53] SECURITY: RELATORIO_EXTREMOS - Relat칩rio de clientes extremos gerado
[2025-06-11 18:33:58] ERROR: SALDO_INVALIDO_RELATORIO - Saldo inv치lido encontrado na conta: 573789
[2025-06-11 18:33:58] SECURITY: RELATORIO_CUSTODIA - Relat칩rio de cust칩dia gerado
[2025-06-17 16:17:24] SECURITY: SISTEMA_INICIADO - Sistema XuBank iniciado
[2025-06-17 16:17:24] SECURITY: APLICACAO_INICIADA - Aplica칞칚o principal iniciada
[2025-06-17 16:17:55] ERROR: ERRO_CADASTRO - Erro ao cadastrar cliente: Senha deve ter pelo menos 8 caracteres, incluindo mai칰scula, min칰scula, n칰mero e caractere especial
Stack trace: Senha deve ter pelo menos 8 caracteres, incluindo mai칰scula, min칰scula, n칰mero e caractere especial
[2025-06-17 16:18:18] SECURITY: CLIENTE_CRIADO - Cliente criado: ***647
[2025-06-17 16:18:18] SECURITY: CLIENTE_CADASTRADO - Cliente cadastrado: ***647
[2025-06-17 16:18:35] ERROR: ERRO_CADASTRO - Erro ao cadastrar cliente: CPF inv치lido
Stack trace: CPF inv치lido
[2025-06-17 16:18:49] SECURITY: LOGIN_SUCESSO - Login realizado: ***647
[2025-06-17 16:18:52] SECURITY: CONTA_CRIADA - Conta criada para cliente: ***647
[2025-06-17 16:18:52] SECURITY: CONTA_ADICIONADA - Conta adicionada - Cliente: ***647 Tipo: ContaCorrente
[2025-06-17 16:19:04] SECURITY: LOGIN_SUCESSO - Login realizado: ***647
[2025-06-17 16:19:21] SECURITY: LOGIN_SUCESSO - Login realizado: ***647
[2025-06-17 16:19:26] SECURITY: DEPOSITO_REALIZADO - Dep칩sito realizado em conta corrente - Conta: 787144 Valor: 5000,00
[2025-06-17 16:19:40] SECURITY: LOGIN_SUCESSO - Login realizado: ***647
[2025-06-17 16:20:01] SECURITY: LOGIN_SUCESSO - Login realizado: ***647
[2025-06-17 16:20:06] SECURITY: SAQUE_REALIZADO - Saque realizado em conta corrente - Conta: 787144 Valor: 2000,00
[2025-06-17 16:20:13] SECURITY: RELATORIO_SALDO_MEDIO - Relat칩rio de saldo m칠dio gerado
[2025-06-17 16:20:31] SECURITY: LOGIN_SUCESSO - Login realizado: ***647
